<?xml version="1.0" encoding="UTF-8"?>
<!-- Generated by org.testng.reporters.JUnitReportReporter -->
<testsuite hostname="LAPTOP-VF76MSPC" failures="0" tests="2" name="normalflowusingtestng.BankingAppthroughTestNg" time="2.191" errors="0" timestamp="2024-03-19T22:55:12 IST" skipped="0">
  <testcase classname="normalflowusingtestng.BankingAppthroughTestNg" name="BankManagerLogin" time="0.348"/>
  <testcase classname="normalflowusingtestng.BankingAppthroughTestNg" name="AddCustomer" time="1.843"/>
</testsuite> <!-- normalflowusingtestng.BankingAppthroughTestNg -->
